0 info it worked if it ends with ok
1 verbose cli [ 'c:\\Program Files\\nodejs\\node.exe',
1 verbose cli   'c:\\Program Files\\nodejs\\node_modules\\npm\\bin\\npm-cli.js',
1 verbose cli   'install',
1 verbose cli   '--save-dev',
1 verbose cli   'gulp.coffee' ]
2 info using npm@1.4.28
3 info using node@v0.10.32
4 verbose readDependencies using package.json deps
5 verbose cache add [ 'gulp.coffee', null ]
6 verbose cache add name=undefined spec="gulp.coffee" args=["gulp.coffee",null]
7 verbose parsed url { protocol: null,
7 verbose parsed url   slashes: null,
7 verbose parsed url   auth: null,
7 verbose parsed url   host: null,
7 verbose parsed url   port: null,
7 verbose parsed url   hostname: null,
7 verbose parsed url   hash: null,
7 verbose parsed url   search: null,
7 verbose parsed url   query: null,
7 verbose parsed url   pathname: 'gulp.coffee',
7 verbose parsed url   path: 'gulp.coffee',
7 verbose parsed url   href: 'gulp.coffee' }
8 silly lockFile c16fa1ea-gulp-coffee gulp.coffee
9 verbose lock gulp.coffee C:\Users\Tamer\AppData\Roaming\npm-cache\c16fa1ea-gulp-coffee.lock
10 silly lockFile c16fa1ea-gulp-coffee gulp.coffee
11 silly lockFile c16fa1ea-gulp-coffee gulp.coffee
12 verbose addNamed [ 'gulp.coffee', '' ]
13 verbose addNamed [ null, '*' ]
14 silly lockFile 2917b918-gulp-coffee gulp.coffee@
15 verbose lock gulp.coffee@ C:\Users\Tamer\AppData\Roaming\npm-cache\2917b918-gulp-coffee.lock
16 silly addNameRange { name: 'gulp.coffee', range: '*', hasData: false }
17 verbose request where is /gulp.coffee
18 verbose request registry https://registry.npmjs.org/
19 verbose request id 338a50a437d8a646
20 verbose url raw /gulp.coffee
21 verbose url resolving [ 'https://registry.npmjs.org/', './gulp.coffee' ]
22 verbose url resolved https://registry.npmjs.org/gulp.coffee
23 verbose request where is https://registry.npmjs.org/gulp.coffee
24 info trying registry request attempt 1 at 15:19:12
25 http GET https://registry.npmjs.org/gulp.coffee
26 http 404 https://registry.npmjs.org/gulp.coffee
27 verbose headers { date: 'Mon, 24 Nov 2014 23:19:06 GMT',
27 verbose headers   server: 'CouchDB/1.5.0 (Erlang OTP/R16B03)',
27 verbose headers   'content-type': 'application/json',
27 verbose headers   'cache-control': 'max-age=0',
27 verbose headers   'content-length': '52',
27 verbose headers   'accept-ranges': 'bytes',
27 verbose headers   via: '1.1 varnish',
27 verbose headers   age: '0',
27 verbose headers   'x-served-by': 'cache-lax1433-LAX',
27 verbose headers   'x-cache': 'MISS',
27 verbose headers   'x-cache-hits': '0',
27 verbose headers   'x-timer': 'S1416871145.791602,VS0,VE308',
27 verbose headers   'keep-alive': 'timeout=10, max=50',
27 verbose headers   connection: 'Keep-Alive' }
28 silly registry.get cb [ 404,
28 silly registry.get   { date: 'Mon, 24 Nov 2014 23:19:06 GMT',
28 silly registry.get     server: 'CouchDB/1.5.0 (Erlang OTP/R16B03)',
28 silly registry.get     'content-type': 'application/json',
28 silly registry.get     'cache-control': 'max-age=0',
28 silly registry.get     'content-length': '52',
28 silly registry.get     'accept-ranges': 'bytes',
28 silly registry.get     via: '1.1 varnish',
28 silly registry.get     age: '0',
28 silly registry.get     'x-served-by': 'cache-lax1433-LAX',
28 silly registry.get     'x-cache': 'MISS',
28 silly registry.get     'x-cache-hits': '0',
28 silly registry.get     'x-timer': 'S1416871145.791602,VS0,VE308',
28 silly registry.get     'keep-alive': 'timeout=10, max=50',
28 silly registry.get     connection: 'Keep-Alive' } ]
29 silly lockFile 2917b918-gulp-coffee gulp.coffee@
30 silly lockFile 2917b918-gulp-coffee gulp.coffee@
31 error 404 404 Not Found: gulp.coffee
31 error 404
31 error 404 'gulp.coffee' is not in the npm registry.
31 error 404 You should bug the author to publish it
31 error 404 It was specified as a dependency of 'workflows'
31 error 404
31 error 404 Note that you can also install from a
31 error 404 tarball, folder, or http url, or git url.
32 error System Windows_NT 6.0.6002
33 error command "c:\\Program Files\\nodejs\\node.exe" "c:\\Program Files\\nodejs\\node_modules\\npm\\bin\\npm-cli.js" "install" "--save-dev" "gulp.coffee"
34 error cwd c:\Users\Tamer\_tutorials\spa\WPWGGB\exercise-files\tamer\workflows
35 error node -v v0.10.32
36 error npm -v 1.4.28
37 error code E404
38 verbose exit [ 1, true ]
